#
# A fatal error has been detected by the Java Runtime Environment:
#
#  EXCEPTION_ACCESS_VIOLATION (0xc0000005) at pc=0x0000000100000000, pid=7604, tid=7404
#
# JRE version: 6.0_20-b02
# Java VM: Java HotSpot(TM) 64-Bit Server VM (16.3-b01 mixed mode windows-amd64 )
# Problematic frame:
# C  0x0000000100000000
#
# If you would like to submit a bug report, please visit:
#   http://java.sun.com/webapps/bugreport/crash.jsp
#

---------------  T H R E A D  ---------------

Current thread (0x000000002d88d800):  JavaThread "Thread-2441" daemon [_thread_in_Java, id=7404, stack(0x0000000031d10000,0x0000000031e10000)]

siginfo: ExceptionCode=0xc0000005, ExceptionInformation=0x0000000000000008 0x0000000100000000

Registers:
EAX=0x0000000000000000, EBX=0x000000000790910c, ECX=0x00000000243f8cc8, EDX=0x0000000002585ae2
ESP=0x0000000031e0c938, EBP=0x0000000031e0c9a0, ESI=0x000000000790a860, EDI=0x000000000277e134
EIP=0x0000000100000000, EFLAGS=0x0000000000010246

Top of Stack: (sp=0x0000000031e0c938)
0x0000000031e0c938:   0000000002585ae2 00000000243f8938
0x0000000031e0c948:   00000000243f8cc8 00000000243f8cc8
0x0000000031e0c958:   00000000243f7c20 0000000031e0c960
0x0000000031e0c968:   00000000078d2896 0000000031e0ca38
0x0000000031e0c978:   000000000790b5d0 0000000000000000
0x0000000031e0c988:   00000000078d29f0 0000000031e0c940
0x0000000031e0c998:   0000000031e0ca40 000000000000000d
0x0000000031e0c9a8:   0000000002b49e90 0000000000000001
0x0000000031e0c9b8:   00000000112d1d98 00000000112d1d98
0x0000000031e0c9c8:   0000000011bcd998 0000000007e342e8
0x0000000031e0c9d8:   00000000243f8990 0000000011bcd448
0x0000000031e0c9e8:   0000000000000001 00000000243f8938
0x0000000031e0c9f8:   00000000243f8908 00000000243f7c20
0x0000000031e0ca08:   0000000011bcd3f0 0000000011bcd3c8
0x0000000031e0ca18:   0000000011bcd3c8 00000000243f7c20
0x0000000031e0ca28:   0000000011bccfd8 00000000243f85a8 

Instructions: (pc=0x0000000100000000)
0x00000000fffffff0:   
[error occurred during error reporting (printing registers, top of stack, instructions near pc), id 0xc0000005]

Stack: [0x0000000031d10000,0x0000000031e10000],  sp=0x0000000031e0c938,  free space=3f20000000000000000k
Native frames: (J=compiled Java code, j=interpreted, Vv=VM code, C=native code)
C  0x0000000100000000


---------------  P R O C E S S  ---------------

Java Threads: ( => current thread )
  0x000000002d88c800 JavaThread "Thread-2442" daemon [_thread_blocked, id=7268, stack(0x000000002f080000,0x000000002f180000)]
=>0x000000002d88d800 JavaThread "Thread-2441" daemon [_thread_in_Java, id=7404, stack(0x0000000031d10000,0x0000000031e10000)]
  0x000000002d9ed800 JavaThread "Thread-2440" daemon [_thread_blocked, id=7264, stack(0x00000000336e0000,0x00000000337e0000)]
  0x000000002d9ee800 JavaThread "http-8080-1" daemon [_thread_blocked, id=7788, stack(0x00000000333e0000,0x00000000334e0000)]
  0x000000002d9ef000 JavaThread "Thread-60" daemon [_thread_blocked, id=7692, stack(0x00000000339e0000,0x0000000033ae0000)]
  0x000000002d9f0800 JavaThread "http-8080-Acceptor-0" daemon [_thread_blocked, id=2260, stack(0x00000000338e0000,0x00000000339e0000)]
  0x000000002d9f0000 JavaThread "Timer-2" daemon [_thread_blocked, id=7968, stack(0x0000000032010000,0x0000000032110000)]
  0x000000002d88c000 JavaThread "http-8080-1" daemon [_thread_blocked, id=7668, stack(0x00000000337e0000,0x00000000338e0000)]
  0x000000002d9f4000 JavaThread "Thread-48" daemon [_thread_blocked, id=6652, stack(0x00000000335e0000,0x00000000336e0000)]
  0x000000002d9f3800 JavaThread "http-8080-Acceptor-0" daemon [_thread_blocked, id=7592, stack(0x00000000334e0000,0x00000000335e0000)]
  0x000000002d9f2000 JavaThread "Timer-1" daemon [_thread_blocked, id=1680, stack(0x00000000332e0000,0x00000000333e0000)]
  0x000000002d9e8800 JavaThread "http-8080-1" daemon [_thread_blocked, id=2244, stack(0x0000000031f10000,0x0000000032010000)]
  0x000000002d9eb000 JavaThread "Thread-16" daemon [_thread_blocked, id=6700, stack(0x0000000032210000,0x0000000032310000)]
  0x000000002d9ea000 JavaThread "http-8080-Acceptor-0" daemon [_thread_blocked, id=7756, stack(0x0000000032110000,0x0000000032210000)]
  0x000000002d9e8000 JavaThread "Timer-0" daemon [_thread_blocked, id=712, stack(0x0000000031e10000,0x0000000031f10000)]
  0x000000002c3b2800 JavaThread "Low Memory Detector" daemon [_thread_blocked, id=6960, stack(0x000000002c940000,0x000000002ca40000)]
  0x000000002c3af800 JavaThread "CompilerThread1" daemon [_thread_blocked, id=4424, stack(0x000000002c840000,0x000000002c940000)]
  0x000000002c399800 JavaThread "CompilerThread0" daemon [_thread_blocked, id=5500, stack(0x000000002c740000,0x000000002c840000)]
  0x000000002c392000 JavaThread "Attach Listener" daemon [_thread_blocked, id=8024, stack(0x000000002c640000,0x000000002c740000)]
  0x000000002c38c000 JavaThread "Signal Dispatcher" daemon [_thread_blocked, id=6672, stack(0x000000002c540000,0x000000002c640000)]
  0x0000000000526800 JavaThread "Finalizer" daemon [_thread_blocked, id=1668, stack(0x000000002c240000,0x000000002c340000)]
  0x000000000051f800 JavaThread "Reference Handler" daemon [_thread_blocked, id=5968, stack(0x000000002c140000,0x000000002c240000)]
  0x000000000061b800 JavaThread "main" [_thread_blocked, id=7332, stack(0x0000000002480000,0x0000000002580000)]

Other Threads:
  0x000000000051b800 VMThread [stack: 0x000000002c040000,0x000000002c140000] [id=7304]
  0x000000002c3b3000 WatcherThread [stack: 0x000000002ca40000,0x000000002cb40000] [id=7544]

VM state:synchronizing (normal execution)

VM Mutex/Monitor currently owned by a thread:  ([mutex/lock_event])
[0x00000000006199d0] Safepoint_lock - owner thread: 0x000000000051b800
[0x0000000000619a50] Threads_lock - owner thread: 0x000000000051b800

Heap
 PSYoungGen      total 142080K, used 88766K [0x0000000020ae0000, 0x000000002b570000, 0x000000002b580000)
  eden space 109696K, 53% used [0x0000000020ae0000,0x000000002445f470,0x0000000027600000)
  from space 32384K, 92% used [0x0000000027600000,0x00000000293303c0,0x00000000295a0000)
  to   space 32320K, 0% used [0x00000000295e0000,0x00000000295e0000,0x000000002b570000)
 PSOldGen        total 216192K, used 198808K [0x000000000b580000, 0x00000000188a0000, 0x0000000020ae0000)
  object space 216192K, 91% used [0x000000000b580000,0x00000000177a6230,0x00000000188a0000)
 PSPermGen       total 96896K, used 70357K [0x0000000005580000, 0x000000000b420000, 0x000000000b580000)
  object space 96896K, 72% used [0x0000000005580000,0x0000000009a357b8,0x000000000b420000)

Dynamic libraries:
0x0000000000400000 - 0x000000000042e000 	C:\Program Files\Java\jdk1.6.0_20\bin\javaw.exe
0x0000000076fa0000 - 0x0000000077149000 	C:\Windows\SYSTEM32\ntdll.dll
0x0000000076e80000 - 0x0000000076f9f000 	C:\Windows\system32\kernel32.dll
0x000007fefcbc0000 - 0x000007fefcc2c000 	C:\Windows\system32\KERNELBASE.dll
0x000007fefd720000 - 0x000007fefd7fb000 	C:\Windows\system32\ADVAPI32.dll
0x000007fefd180000 - 0x000007fefd21f000 	C:\Windows\system32\msvcrt.dll
0x000007fefd230000 - 0x000007fefd24f000 	C:\Windows\SYSTEM32\sechost.dll
0x000007fefcec0000 - 0x000007fefcfed000 	C:\Windows\system32\RPCRT4.dll
0x0000000076c30000 - 0x0000000076d2a000 	C:\Windows\system32\USER32.dll
0x000007fefd350000 - 0x000007fefd3b7000 	C:\Windows\system32\GDI32.dll
0x000007fefd220000 - 0x000007fefd22e000 	C:\Windows\system32\LPK.dll
0x000007fefd800000 - 0x000007fefd8c9000 	C:\Windows\system32\USP10.dll
0x000007fefd8d0000 - 0x000007fefd8fe000 	C:\Windows\system32\IMM32.DLL
0x000007fefd070000 - 0x000007fefd179000 	C:\Windows\system32\MSCTF.dll
0x000000006d890000 - 0x000000006df35000 	C:\Program Files\Java\jdk1.6.0_20\jre\bin\server\jvm.dll
0x000007fef9ef0000 - 0x000007fef9f2b000 	C:\Windows\system32\WINMM.dll
0x000000006d800000 - 0x000000006d80e000 	C:\Program Files\Java\jdk1.6.0_20\jre\bin\verify.dll
0x000000006d450000 - 0x000000006d477000 	C:\Program Files\Java\jdk1.6.0_20\jre\bin\java.dll
0x000000006d3b0000 - 0x000000006d3ba000 	C:\Program Files\Java\jdk1.6.0_20\jre\bin\hpi.dll
0x0000000077170000 - 0x0000000077177000 	C:\Windows\system32\PSAPI.DLL
0x000000006d850000 - 0x000000006d862000 	C:\Program Files\Java\jdk1.6.0_20\jre\bin\zip.dll
0x000000006d6a0000 - 0x000000006d6b7000 	C:\Program Files\Java\jdk1.6.0_20\jre\bin\net.dll
0x000007fefd3c0000 - 0x000007fefd40d000 	C:\Windows\system32\WS2_32.dll
0x000007fefd710000 - 0x000007fefd718000 	C:\Windows\system32\NSI.dll
0x000007fefc110000 - 0x000007fefc165000 	C:\Windows\system32\mswsock.dll
0x000007fefc100000 - 0x000007fefc107000 	C:\Windows\System32\wship6.dll
0x000007fefb7e0000 - 0x000007fefb7f5000 	C:\Windows\system32\NLAapi.dll
0x000007fef6450000 - 0x000007fef6465000 	C:\Windows\system32\napinsp.dll
0x000007fef6430000 - 0x000007fef6449000 	C:\Windows\system32\pnrpnsp.dll
0x000007fef6420000 - 0x000007fef6430000 	C:\Windows\system32\wshbth.dll
0x000007fefbf90000 - 0x000007fefbfeb000 	C:\Windows\system32\DNSAPI.dll
0x000007fef6410000 - 0x000007fef641b000 	C:\Windows\System32\winrnr.dll
0x000007fef7600000 - 0x000007fef762f000 	C:\Program Files\Common Files\Microsoft Shared\Windows Live\WLIDNSP.DLL
0x000007fefcff0000 - 0x000007fefd061000 	C:\Windows\system32\SHLWAPI.dll
0x0000000072040000 - 0x0000000072066000 	C:\Program Files\Bonjour\mdnsNSP.dll
0x000007fefae60000 - 0x000007fefae87000 	C:\Windows\system32\Iphlpapi.DLL
0x000007fefae50000 - 0x000007fefae5b000 	C:\Windows\system32\WINNSI.DLL
0x000007fefbaa0000 - 0x000007fefbaa7000 	C:\Windows\System32\wshtcpip.dll
0x000007fef75f0000 - 0x000007fef75f8000 	C:\Windows\system32\rasadhlp.dll
0x000007fefad50000 - 0x000007fefada3000 	C:\Windows\System32\fwpuclnt.dll
0x000007fefc770000 - 0x000007fefc7c7000 	C:\Windows\system32\apphelp.dll
0x000007fefc170000 - 0x000007fefc187000 	C:\Windows\system32\CRYPTSP.dll
0x000007fefbe70000 - 0x000007fefbeb7000 	C:\Windows\system32\rsaenh.dll
0x000007fefbbe0000 - 0x000007fefbbfe000 	C:\Windows\system32\USERENV.dll
0x000007fefc8e0000 - 0x000007fefc8ef000 	C:\Windows\system32\profapi.dll
0x000007fefc7d0000 - 0x000007fefc7df000 	C:\Windows\system32\CRYPTBASE.dll
0x000000006d5e0000 - 0x000000006d5ea000 	C:\Program Files\Java\jdk1.6.0_20\jre\bin\management.dll

VM Arguments:
jvm_args: -Xmx512M -XX:MaxPermSize=96m -Dbase.dir=C:\opt\projects\citu -Dgrails.home=C:\opt\grails-1.3.1\grails-1.3.1\ -Dfile.encoding=Cp1252 
java_command: org.codehaus.groovy.grails.cli.support.GrailsStarter --conf C:\opt\grails-1.3.1\grails-1.3.1\conf\groovy-starter.conf --main org.codehaus.groovy.grails.cli.GrailsScriptRunner run-app
Launcher Type: SUN_STANDARD

Environment Variables:
JAVA_HOME=C:\Program Files\Java\jdk1.6.0_20
CLASSPATH=.;C:\Program Files (x86)\Java\jre6\lib\ext\QTJava.zip
PATH=C:\Program Files\Common Files\Microsoft Shared\Windows Live;C:\Program Files (x86)\Common Files\Microsoft Shared\Windows Live;c:\Program Files (x86)\NVIDIA Corporation\PhysX\Common;C:\Windows\system32;C:\Windows;C:\Windows\System32\Wbem;C:\Windows\System32\WindowsPowerShell\v1.0\;C:\Program Files\Java\jdk1.6.0_20\bin;C:\opt\grails-1.3.1\grails-1.3.1\bin;C:\Program Files (x86)\Common Files\Teleca Shared;C:\opt\apache-ant-1.8.1\bin;C:\Program Files (x86)\Windows Live\Shared;C:\Program Files (x86)\Calibre2\;C:\Program Files (x86)\QuickTime\QTSystem\
USERNAME=Beanie
OS=Windows_NT
PROCESSOR_IDENTIFIER=Intel64 Family 6 Model 23 Stepping 7, GenuineIntel



---------------  S Y S T E M  ---------------

OS: Windows 7 Build 7601 Service Pack 1

CPU:total 4 (4 cores per cpu, 1 threads per core) family 6 model 23 stepping 7, cmov, cx8, fxsr, mmx, sse, sse2, sse3, ssse3, sse4.1

Memory: 4k page, physical 3143140k(990536k free), swap 6284432k(1689548k free)

vm_info: Java HotSpot(TM) 64-Bit Server VM (16.3-b01) for windows-amd64 JRE (1.6.0_20-b02), built on Apr 12 2010 13:44:19 by "java_re" with MS VC++ 8.0 (VS2005)

time: Fri Feb 10 14:07:14 2012
elapsed time: 4366 seconds

